
    +-------------------------------------------+
    | ptest          MicroTesting Magic for C   |
    |                                           |
    | http://github.com/orangeduck/ptest        |
    |                                           |
    | Daniel Holden (contact@theorangeduck.com) |
    +-------------------------------------------+


  ===== Test Units =====

    | Test Fields ... Passed!
    | Test Arrays ... Passed!
    | Test Objects ... Passed!
    | Test Objects ... Passed!
    | Test Objects ... Passed!


  ===== Test Library =====

    | Test Writing ... Passed!
    | Test Reading ... Passed!

  +---------------------------------------------------+
  |                      Summary                      |
  +---------++------------+-------------+-------------+
  | Suites  || Total    2 | Passed    2 | Failed    0 |
  | Tests   || Total    7 | Passed    7 | Failed    0 |
  | Asserts || Total   67 | Passed   67 | Failed    0 |
  +---------++------------+-------------+-------------+

      Total Running Time: 0.021s

